<?xml version="1.0" encoding="UTF-8"?>
<!-- Generated by org.testng.reporters.JUnitReportReporter -->
<testsuite skipped="0" hostname="192-168-1-103.tpgi.com.au" name="datacheckpoi.DatacheckPoi" tests="4" failures="0" timestamp="27 Dec 2019 02:25:43 GMT" time="7.404" errors="0">
  <testcase name="postNewEmployees" time="2.427" classname="datacheckpoi.DatacheckPoi"/>
  <testcase name="postNewEmployees" time="0.838" classname="datacheckpoi.DatacheckPoi"/>
  <testcase name="postNewEmployees" time="1.332" classname="datacheckpoi.DatacheckPoi"/>
  <testcase name="getNewEmployees" time="2.807" classname="datacheckpoi.DatacheckPoi"/>
</testsuite> <!-- datacheckpoi.DatacheckPoi -->
