<?xml version="1.0" encoding="UTF-8"?>
<!-- Generated by org.testng.reporters.JUnitReportReporter -->
<testsuite skipped="0" hostname="MacBook-Pro.local" name="com.employees.testcase.TC001_GETallemployees" tests="2" failures="0" timestamp="02 Jan 2020 02:52:30 GMT" time="0.017" errors="0">
  <testcase name="checkStatusCode" time="0.005" classname="com.employees.testcase.TC001_GETallemployees"/>
  <testcase name="checkResponseBody" time="0.012" classname="com.employees.testcase.TC001_GETallemployees"/>
</testsuite> <!-- com.employees.testcase.TC001_GETallemployees -->
