<?xml version="1.0" encoding="UTF-8"?>
<!-- Generated by org.testng.reporters.JUnitReportReporter -->
<testsuite skipped="0" hostname="MacBook-Pro.local" name="TC001_Get_Request" tests="1" failures="0" timestamp="30 Dec 2019 03:23:50 GMT" time="4.207" errors="0">
  <testcase name="getWeatherDetails" time="4.207" classname="TC001_Get_Request"/>
</testsuite> <!-- TC001_Get_Request -->
