<?xml version="1.0" encoding="UTF-8"?>
<!-- Generated by org.testng.reporters.JUnitReportReporter -->
<testsuite skipped="0" hostname="MacBook-Pro.local" name="TC002_POST_request" tests="1" failures="0" timestamp="24 Dec 2019 03:59:24 GMT" time="4.032" errors="0">
  <testcase name="registerdata" time="4.032" classname="TC002_POST_request"/>
</testsuite> <!-- TC002_POST_request -->
